The request edit.getAssists failed with the following error:
RequestErrorCode.PLUGIN_ERROR
A request threw the exception:Bad state: Unable to find the context to /Users/ellen/.pub-cache/hosted/pub.dev/dio-5.8.0+1/lib/src/interceptor.dart
#0      AnalysisContextCollectionImpl.contextFor (package:analyzer/src/dart/analysis/analysis_context_collection.dart:145:5)
#1      _ClientAnalyzerPlugin.handleEditGetAssists (package:custom_lint_builder/src/client.dart:509:47)
<asynchronous suspension>
#2      ServerPlugin._getResponse (package:analyzer_plugin/plugin/plugin.dart:554:18)
<asynchronous suspension>
#3      ServerPlugin._onRequest (package:analyzer_plugin/plugin/plugin.dart:597:18)
<asynchronous suspension>

at:
#0      SocketCustomLintServerToClientChannel.sendCustomLintRequest.<anonymous closure> (package:custom_lint/src/v2/server_to_client_channel.dart:268:11)
#1      _$CustomLintResponseAnalyzerPluginResponseImpl.map (package:custom_lint/src/v2/protocol.freezed.dart:967:34)
#2      SocketCustomLintServerToClientChannel.sendCustomLintRequest (package:custom_lint/src/v2/server_to_client_channel.dart:262:14)
<asynchronous suspension>
#3      SocketCustomLintServerToClientChannel.sendAnalyzerPluginRequest (package:custom_lint/src/v2/server_to_client_channel.dart:234:22)
<asynchronous suspension>
#4      CustomLintServer._handleRequest.<anonymous closure>.<anonymous closure> (package:custom_lint/src/v2/custom_lint_analyzer_plugin.dart:190:17)
<asynchronous suspension>
#5      PendingOperation.run (package:custom_lint/src/async_operation.dart:22:14)
<asynchronous suspension>
#6      CustomLintServer._handleRequest (package:custom_lint/src/v2/custom_lint_analyzer_plugin.dart:173:22)
<asynchronous suspension>

[WrapWithConsumer] 2025-03-12T13:03:52.434858 Plugin WrapWithConsumer threw while analyzing /Users/ellen/IdeaProjects/my0364/app_boilerplate/lib/shared/data/dio_instance.dart:
[WrapWithConsumer] 2025-03-12T13:03:52.434858 InconsistentAnalysisException: Requested result might be inconsistent with previously returned results
[WrapWithConsumer] 2025-03-12T13:03:52.434858
[WrapWithConsumer] 2025-03-12T13:03:52.434858 #0      AnalysisSessionImpl.checkConsistency (package:analyzer/src/dart/analysis/session.dart:61:7)
[WrapWithConsumer] 2025-03-12T13:03:52.434858 #1      AnalysisSessionImpl.getResolvedUnit (package:analyzer/src/dart/analysis/session.dart:160:5)
[WrapWithConsumer] 2025-03-12T13:03:52.434858 #2      ChangeBuilderImpl._createDartFileEditBuilder (package:analyzer_plugin/src/utilities/change_builder/change_builder_core.dart:320:33)
[WrapWithConsumer] 2025-03-12T13:03:52.434858 #3      ChangeBuilderImpl.addDartFileEdit (package:analyzer_plugin/src/utilities/change_builder/change_builder_core.dart:153:23)
[WrapWithConsumer] 2025-03-12T13:03:52.434858 #4      ChangeBuilderImpl.addDartFileEdit.<anonymous closure> (package:custom_lint_core/src/change_reporter.dart:241:35)
[WrapWithConsumer] 2025-03-12T13:03:52.434858 #5      new Future.<anonymous closure> (dart:async/future.dart:260:40)
[WrapWithConsumer] 2025-03-12T13:03:52.434858 #6      _rootRun (dart:async/zone.dart:1517:47)
[WrapWithConsumer] 2025-03-12T13:03:52.434858 #7      _CustomZone.run (dart:async/zone.dart:1422:19)
[WrapWithConsumer] 2025-03-12T13:03:52.434858 #8      _CustomZone.runGuarded (dart:async/zone.dart:1321:7)
[WrapWithConsumer] 2025-03-12T13:03:52.434858 #9      _CustomZone.bindCallbackGuarded.<anonymous closure> (dart:async/zone.dart:1362:23)
[WrapWithConsumer] 2025-03-12T13:03:52.434858 #10     _rootRun (dart:async/zone.dart:1525:13)
[WrapWithConsumer] 2025-03-12T13:03:52.434858 #11     _CustomZone.run (dart:async/zone.dart:1422:19)
[WrapWithConsumer] 2025-03-12T13:03:52.434858 #12     _CustomZone.bindCallback.<anonymous closure> (dart:async/zone.dart:1345:23)
[WrapWithConsumer] 2025-03-12T13:03:52.434858 #13     Timer._createTimer.<anonymous closure> (dart:async-patch/timer_patch.dart:18:15)
[WrapWithConsumer] 2025-03-12T13:03:52.434858 #14     _Timer._runTimers (dart:isolate-patch/timer_impl.dart:410:19)
[WrapWithConsumer] 2025-03-12T13:03:52.434858 #15     _Timer._handleMessage (dart:isolate-patch/timer_impl.dart:441:5)
[WrapWithConsumer] 2025-03-12T13:03:52.434858 #16     _RawReceivePort._handleMessage (dart:isolate-patch/isolate_patch.dart:194:12)
[WrapWithConsumer] 2025-03-12T13:03:52.434858
